<?xml version="1.0" encoding="UTF-8"?>
<testsuite xmlns:xsi="http://www.w3.org/2001/XMLSchema-instance" xsi:noNamespaceSchemaLocation="https://maven.apache.org/surefire/maven-surefire-plugin/xsd/surefire-test-report-3.0.xsd" version="3.0" name="bysvem.teste.TesteCompraDAO" time="0.063" tests="8" errors="0" skipped="0" failures="0">
  <properties>
[...]
</properties>
  <testcase name="carregarIdExistente" classname="bysvem.teste.TesteCompraDAO" time="0.022"/>
  <testcase name="testarSalvar" classname="bysvem.teste.TesteCompraDAO" time="0.001"/>
  <testcase name="testarAtualizarIdInexistente" classname="bysvem.teste.TesteCompraDAO" time="0.006"/>
  <testcase name="apagarIdInexistente" classname="bysvem.teste.TesteCompraDAO" time="0.004"/>
  <testcase name="apagarIdExistente" classname="bysvem.teste.TesteCompraDAO" time="0.001"/>
  <testcase name="carregarIdInexistente" classname="bysvem.teste.TesteCompraDAO" time="0.001"/>
  <testcase name="testarSalvarIdExistente" classname="bysvem.teste.TesteCompraDAO" time="0.002"/>
  <testcase name="testarAtualizarIdExistente" classname="bysvem.teste.TesteCompraDAO" time="0.001"/>
</testsuite>